========= ORDER SUMMARY =========
Symbol      : BTCUSDT
Side        : BUY
Order Type  : MARKET
Quantity    : 0.001
=================================

ORDER PLACED SUCCESSFULLY

========= ORDER RESPONSE =========
Order ID       : 13120493867
Status         : NEW
Executed Qty   : 0.0000
Average Price  : 0.00
==================================



========= ORDER SUMMARY =========
Symbol      : BTCUSDT
Side        : SELL
Order Type  : LIMIT
Quantity    : 0.001
Price       : 200000.0
=================================

ORDER PLACED SUCCESSFULLY

========= ORDER RESPONSE =========
Order ID       : 13120503185
Status         : NEW
Executed Qty   : 0.0000
Average Price  : 0.00
